<?xml version="1.0" encoding="utf-8"?><testsuites><testsuite name="pytest" errors="0" failures="0" skipped="2" tests="18" time="35.808" timestamp="2025-05-24T16:45:10.045977-05:00" hostname="Moises"><testcase classname="tests.unit_tests.test_basic_model" name="test_basic_model_init" time="8.444" /><testcase classname="tests.unit_tests.test_basic_model" name="test_load_data_validate_df_assignment" time="0.033" /><testcase classname="tests.unit_tests.test_basic_model" name="test_load_data_validate_splits" time="0.019" /><testcase classname="tests.unit_tests.test_basic_model" name="test_prepare_features" time="0.010" /><testcase classname="tests.unit_tests.test_basic_model" name="test_train" time="2.146" /><testcase classname="tests.unit_tests.test_basic_model" name="test_log_model" time="6.864" /><testcase classname="tests.unit_tests.test_basic_model" name="test_register_model" time="4.521" /><testcase classname="tests.unit_tests.test_basic_model" name="test_retrieve_current_run_metadata" time="4.653" /><testcase classname="tests.unit_tests.test_basic_model" name="test_load_latest_model_and_predict" time="8.020" /><testcase classname="tests.unit_tests.test_dataprocessor" name="test_data_ingestion" time="0.004" /><testcase classname="tests.unit_tests.test_dataprocessor" name="test_dataprocessor_init" time="0.006" /><testcase classname="tests.unit_tests.test_dataprocessor" name="test_column_transformations" time="0.046" /><testcase classname="tests.unit_tests.test_dataprocessor" name="test_missing_value_handling" time="0.028" /><testcase classname="tests.unit_tests.test_dataprocessor" name="test_column_selection" time="0.018" /><testcase classname="tests.unit_tests.test_dataprocessor" name="test_split_data_default_params" time="0.025" /><testcase classname="tests.unit_tests.test_dataprocessor" name="test_preprocess_empty_dataframe" time="0.003" /><testcase classname="tests.unit_tests.test_dataprocessor" name="test_save_to_catalog_succesfull" time="0.001"><skipped type="pytest.skip" message="depends on delta tables on Databricks">C:\Users\iepvf\OneDrive\Documentos\DatabricksMLOps\marvelous-databricks-course-MOISES-N\tests\unit_tests\test_dataprocessor.py:137: depends on delta tables on Databricks</skipped></testcase><testcase classname="tests.unit_tests.test_dataprocessor" name="test_delta_table_property_of_enableChangeDataFeed_check" time="0.511"><skipped type="pytest.skip" message="depends on delta tables on Databrics">C:\Users\iepvf\OneDrive\Documentos\DatabricksMLOps\marvelous-databricks-course-MOISES-N\tests\unit_tests\test_dataprocessor.py:161: depends on delta tables on Databrics</skipped></testcase></testsuite></testsuites>
