<?xml version="1.0" encoding="utf-8"?><testsuites><testsuite name="pytest" errors="0" failures="0" skipped="2" tests="9" time="5.487" timestamp="2025-05-19T23:20:48.638498-05:00" hostname="Moises"><testcase classname="tests.unit_tests.test_dataprocessor" name="test_data_ingestion" time="4.114" /><testcase classname="tests.unit_tests.test_dataprocessor" name="test_dataprocessor_init" time="0.004" /><testcase classname="tests.unit_tests.test_dataprocessor" name="test_column_transformations" time="0.015" /><testcase classname="tests.unit_tests.test_dataprocessor" name="test_missing_value_handling" time="0.012" /><testcase classname="tests.unit_tests.test_dataprocessor" name="test_column_selection" time="0.013" /><testcase classname="tests.unit_tests.test_dataprocessor" name="test_split_data_default_params" time="0.017" /><testcase classname="tests.unit_tests.test_dataprocessor" name="test_preprocess_empty_dataframe" time="0.002" /><testcase classname="tests.unit_tests.test_dataprocessor" name="test_save_to_catalog_succesfull" time="0.001"><skipped type="pytest.skip" message="depends on delta tables on Databricks">C:\Users\iepvf\OneDrive\Documentos\DatabricksMLOps\marvelous-databricks-course-MOISES-N\tests\unit_tests\test_dataprocessor.py:137: depends on delta tables on Databricks</skipped></testcase><testcase classname="tests.unit_tests.test_dataprocessor" name="test_delta_table_property_of_enableChangeDataFeed_check" time="0.308"><skipped type="pytest.skip" message="depends on delta tables on Databrics">C:\Users\iepvf\OneDrive\Documentos\DatabricksMLOps\marvelous-databricks-course-MOISES-N\tests\unit_tests\test_dataprocessor.py:161: depends on delta tables on Databrics</skipped></testcase></testsuite></testsuites>
